<?xml version="1.0" encoding="UTF-8"?>
<!-- Generated by org.testng.reporters.JUnitXMLReporter -->
<testsuite ignored="0" hostname="A-Air.local" failures="0" tests="6" name="Default test" time="26.737" errors="0" timestamp="2023-03-29T18:02:54 IST">
  <testcase classname="utility.LoginFunctionalityTestCase" name="VerifyUser" time="7.391"/>
  <testcase classname="utility.LoginFunctionalityTestCase" name="VerifyUser" time="3.398"/>
  <testcase classname="utility.LoginFunctionalityTestCase" name="VerifyUser" time="3.501"/>
  <testcase classname="utility.LoginFunctionalityTestCase" name="VerifyUser" time="3.533"/>
  <testcase classname="utility.LoginFunctionalityTestCase" name="VerifyUser" time="3.404"/>
  <testcase classname="utility.LoginFunctionalityTestCase" name="VerifyUser" time="3.51"/>
</testsuite> <!-- Default test -->
