<?xml version="1.0" encoding="UTF-8"?>
<!-- Generated by org.testng.reporters.JUnitXMLReporter -->
<testsuite ignored="18" hostname="A-Air.local" failures="0" tests="27" name="Test" time="99.027" errors="0" timestamp="2023-04-09T17:05:54 IST">
  <testcase classname="TestCases.ProfilePageTest" name="ProfilePageLabelDisplay" time="8.899"/>
  <testcase classname="TestCases.UIAdressCases" name="verifyAdressAtAppointment" time="2.94"/>
  <testcase classname="TestCases.UIAdressCases" name="verifyAdressAtHistory" time="3.055"/>
  <testcase classname="TestCases.UIAdressCases" name="verifyAdressAtHome" time="2.682"/>
  <testcase classname="TestCases.UIAdressCases" name="verifyAdressAtLogin" time="2.68"/>
  <testcase classname="TestCases.UIAdressCases" name="verifyAdressAtProfile" time="3.058"/>
  <testcase classname="TestCases.HomeTestCases" name="testHomeScreen" time="0.396"/>
  <testcase classname="TestCases.LoginTestCases" name="alterUser" time="10.848"/>
  <testcase classname="TestCases.LoginTestCases" name="invalidUser" time="5.986"/>
  <testcase classname="TestCases.LoginTestCases" name="noUser" time="5.903"/>
  <testcase classname="TestCases.LoginTestCases" name="validUser" time="9.866"/>
  <testcase classname="TestCases.HistoryTestCases" name="verifyUser" time="2.054"/>
  <testcase classname="TestCases.HistoryTestCases" name="verifynoHistory" time="3.798"/>
  <testcase classname="TestCases.MakeAppointment" name="verifyUser" time="1.922"/>
  <testcase classname="TestCases.MakeAppointment" name="verifyAppointment" time="2.841"/>
  <testcase classname="TestCases.HistoryAppointmentTestCases" name="verifyUser" time="1.972"/>
  <testcase classname="TestCases.HistoryAppointmentTestCases" name="verifyAppointment" time="1.824"/>
  <testcase classname="TestCases.HistoryAppointmentTestCases" name="verifyAppointment1" time="2.008"/>
  <testcase classname="TestCases.LogoutTestCases" name="testLogout" time="2.862"/>
  <testcase classname="utility.ExtentReportClass" name="failTest" time="0.002"/>
  <testcase classname="utility.ExtentReportClass" name="passTest" time="0.022"/>
  <testcase classname="TestCases.LoginFunctionalityTestCase" name="VerifyUser" time="3.332"/>
  <testcase classname="TestCases.LoginFunctionalityTestCase" name="VerifyUser" time="3.32"/>
  <testcase classname="TestCases.LoginFunctionalityTestCase" name="VerifyUser" time="3.287"/>
  <testcase classname="TestCases.LoginFunctionalityTestCase" name="VerifyUser" time="3.31"/>
  <testcase classname="TestCases.LoginFunctionalityTestCase" name="VerifyUser" time="3.332"/>
  <testcase classname="TestCases.LoginFunctionalityTestCase" name="VerifyUser" time="3.508"/>
  <testcase classname="utility.BaseClass" name="@AfterTest tear" time="0.0">
    <ignored/>
  </testcase> <!-- @AfterTest tear -->
  <testcase classname="utility.BaseClass" name="@AfterTest tear" time="0.0">
    <ignored/>
  </testcase> <!-- @AfterTest tear -->
  <testcase classname="utility.BaseClass" name="@AfterTest tear" time="0.0">
    <ignored/>
  </testcase> <!-- @AfterTest tear -->
  <testcase classname="utility.BaseClass" name="@AfterTest tear" time="0.0">
    <ignored/>
  </testcase> <!-- @AfterTest tear -->
  <testcase classname="utility.BaseClass" name="@AfterTest tear" time="0.0">
    <ignored/>
  </testcase> <!-- @AfterTest tear -->
  <testcase classname="utility.BaseClass" name="@AfterTest tear" time="0.0">
    <ignored/>
  </testcase> <!-- @AfterTest tear -->
  <testcase classname="utility.BaseClass" name="@AfterTest tear" time="0.0">
    <ignored/>
  </testcase> <!-- @AfterTest tear -->
  <testcase classname="utility.BaseClass" name="@AfterTest tear" time="0.0">
    <ignored/>
  </testcase> <!-- @AfterTest tear -->
  <testcase classname="utility.BaseClass" name="@AfterTest tear" time="0.0">
    <ignored/>
  </testcase> <!-- @AfterTest tear -->
  <testcase classname="utility.BaseClass" name="@BeforeSuite setup" time="0.0">
    <ignored/>
  </testcase> <!-- @BeforeSuite setup -->
  <testcase classname="utility.BaseClass" name="@BeforeSuite setup" time="0.0">
    <ignored/>
  </testcase> <!-- @BeforeSuite setup -->
  <testcase classname="utility.BaseClass" name="@BeforeSuite setup" time="0.0">
    <ignored/>
  </testcase> <!-- @BeforeSuite setup -->
  <testcase classname="utility.BaseClass" name="@BeforeSuite setup" time="0.0">
    <ignored/>
  </testcase> <!-- @BeforeSuite setup -->
  <testcase classname="utility.BaseClass" name="@BeforeSuite setup" time="0.0">
    <ignored/>
  </testcase> <!-- @BeforeSuite setup -->
  <testcase classname="utility.BaseClass" name="@BeforeSuite setup" time="0.0">
    <ignored/>
  </testcase> <!-- @BeforeSuite setup -->
  <testcase classname="utility.BaseClass" name="@BeforeSuite setup" time="0.0">
    <ignored/>
  </testcase> <!-- @BeforeSuite setup -->
  <testcase classname="utility.BaseClass" name="@BeforeSuite setup" time="0.0">
    <ignored/>
  </testcase> <!-- @BeforeSuite setup -->
  <testcase classname="utility.BaseClass" name="@BeforeSuite setup" time="0.0">
    <ignored/>
  </testcase> <!-- @BeforeSuite setup -->
</testsuite> <!-- Test -->
