<?xml version="1.0" encoding="UTF-8"?>
<!-- Generated by org.testng.reporters.JUnitXMLReporter -->
<testsuite ignored="18" hostname="A-Air.local" failures="0" tests="27" name="Test" time="110.218" errors="0" timestamp="2023-04-09T16:09:20 IST">
  <testcase classname="TestCases.ProfilePageTest" name="ProfilePageLabelDisplay" time="13.681"/>
  <testcase classname="TestCases.UIAdressCases" name="verifyAdressAtAppointment" time="3.243"/>
  <testcase classname="TestCases.UIAdressCases" name="verifyAdressAtHistory" time="3.314"/>
  <testcase classname="TestCases.UIAdressCases" name="verifyAdressAtHome" time="3.574"/>
  <testcase classname="TestCases.UIAdressCases" name="verifyAdressAtLogin" time="3.534"/>
  <testcase classname="TestCases.UIAdressCases" name="verifyAdressAtProfile" time="3.245"/>
  <testcase classname="TestCases.HomeTestCases" name="testHomeScreen" time="0.508"/>
  <testcase classname="TestCases.LoginTestCases" name="alterUser" time="11.14"/>
  <testcase classname="TestCases.LoginTestCases" name="invalidUser" time="5.97"/>
  <testcase classname="TestCases.LoginTestCases" name="noUser" time="5.993"/>
  <testcase classname="TestCases.LoginTestCases" name="validUser" time="9.923"/>
  <testcase classname="TestCases.HistoryTestCases" name="verifyUser" time="2.351"/>
  <testcase classname="TestCases.HistoryTestCases" name="verifynoHistory" time="4.102"/>
  <testcase classname="TestCases.MakeAppointment" name="verifyUser" time="2.214"/>
  <testcase classname="TestCases.MakeAppointment" name="verifyAppointment" time="3.314"/>
  <testcase classname="TestCases.HistoryAppointmentTestCases" name="verifyUser" time="2.272"/>
  <testcase classname="TestCases.HistoryAppointmentTestCases" name="verifyAppointment" time="1.855"/>
  <testcase classname="TestCases.HistoryAppointmentTestCases" name="verifyAppointment1" time="2.143"/>
  <testcase classname="TestCases.LogoutTestCases" name="testLogout" time="3.2"/>
  <testcase classname="utility.ExtentReportClass" name="failTest" time="0.001"/>
  <testcase classname="utility.ExtentReportClass" name="passTest" time="0.05"/>
  <testcase classname="TestCases.LoginFunctionalityTestCase" name="VerifyUser" time="3.595"/>
  <testcase classname="TestCases.LoginFunctionalityTestCase" name="VerifyUser" time="3.441"/>
  <testcase classname="TestCases.LoginFunctionalityTestCase" name="VerifyUser" time="3.888"/>
  <testcase classname="TestCases.LoginFunctionalityTestCase" name="VerifyUser" time="3.58"/>
  <testcase classname="TestCases.LoginFunctionalityTestCase" name="VerifyUser" time="3.479"/>
  <testcase classname="TestCases.LoginFunctionalityTestCase" name="VerifyUser" time="3.542"/>
  <testcase classname="utility.BaseClass" name="@AfterTest tear" time="0.0">
    <ignored/>
  </testcase> <!-- @AfterTest tear -->
  <testcase classname="utility.BaseClass" name="@AfterTest tear" time="0.0">
    <ignored/>
  </testcase> <!-- @AfterTest tear -->
  <testcase classname="utility.BaseClass" name="@AfterTest tear" time="0.0">
    <ignored/>
  </testcase> <!-- @AfterTest tear -->
  <testcase classname="utility.BaseClass" name="@AfterTest tear" time="0.0">
    <ignored/>
  </testcase> <!-- @AfterTest tear -->
  <testcase classname="utility.BaseClass" name="@AfterTest tear" time="0.0">
    <ignored/>
  </testcase> <!-- @AfterTest tear -->
  <testcase classname="utility.BaseClass" name="@AfterTest tear" time="0.0">
    <ignored/>
  </testcase> <!-- @AfterTest tear -->
  <testcase classname="utility.BaseClass" name="@AfterTest tear" time="0.0">
    <ignored/>
  </testcase> <!-- @AfterTest tear -->
  <testcase classname="utility.BaseClass" name="@AfterTest tear" time="0.0">
    <ignored/>
  </testcase> <!-- @AfterTest tear -->
  <testcase classname="utility.BaseClass" name="@AfterTest tear" time="0.0">
    <ignored/>
  </testcase> <!-- @AfterTest tear -->
  <testcase classname="utility.BaseClass" name="@BeforeSuite setup" time="0.0">
    <ignored/>
  </testcase> <!-- @BeforeSuite setup -->
  <testcase classname="utility.BaseClass" name="@BeforeSuite setup" time="0.0">
    <ignored/>
  </testcase> <!-- @BeforeSuite setup -->
  <testcase classname="utility.BaseClass" name="@BeforeSuite setup" time="0.0">
    <ignored/>
  </testcase> <!-- @BeforeSuite setup -->
  <testcase classname="utility.BaseClass" name="@BeforeSuite setup" time="0.0">
    <ignored/>
  </testcase> <!-- @BeforeSuite setup -->
  <testcase classname="utility.BaseClass" name="@BeforeSuite setup" time="0.0">
    <ignored/>
  </testcase> <!-- @BeforeSuite setup -->
  <testcase classname="utility.BaseClass" name="@BeforeSuite setup" time="0.0">
    <ignored/>
  </testcase> <!-- @BeforeSuite setup -->
  <testcase classname="utility.BaseClass" name="@BeforeSuite setup" time="0.0">
    <ignored/>
  </testcase> <!-- @BeforeSuite setup -->
  <testcase classname="utility.BaseClass" name="@BeforeSuite setup" time="0.0">
    <ignored/>
  </testcase> <!-- @BeforeSuite setup -->
  <testcase classname="utility.BaseClass" name="@BeforeSuite setup" time="0.0">
    <ignored/>
  </testcase> <!-- @BeforeSuite setup -->
</testsuite> <!-- Test -->
