<?xml version="1.0" encoding="UTF-8"?>
<testng-results ignored="18" total="45" passed="27" failed="0" skipped="0">
  <reporter-output>
  </reporter-output>
  <suite started-at="2023-04-09T17:04:15 IST" name="Suite" finished-at="2023-04-09T17:05:54 IST" duration-ms="99027">
    <groups>
    </groups>
    <test started-at="2023-04-09T17:04:15 IST" name="Test" finished-at="2023-04-09T17:05:54 IST" duration-ms="99027">
      <class name="TestCases.HistoryTestCases">
        <test-method signature="verifyUser()[pri:0, instance:TestCases.HistoryTestCases@70e8f8e]" started-at="2023-04-09T17:05:12 IST" name="verifyUser" finished-at="2023-04-09T17:05:14 IST" duration-ms="2054" status="PASS">
          <reporter-output>
          </reporter-output>
        </test-method> <!-- verifyUser -->
        <test-method signature="verifynoHistory()[pri:0, instance:TestCases.HistoryTestCases@70e8f8e]" started-at="2023-04-09T17:05:14 IST" name="verifynoHistory" finished-at="2023-04-09T17:05:18 IST" duration-ms="3798" status="PASS">
          <reporter-output>
          </reporter-output>
        </test-method> <!-- verifynoHistory -->
      </class> <!-- TestCases.HistoryTestCases -->
      <class name="TestCases.LoginTestCases">
        <test-method signature="alterUser()[pri:0, instance:TestCases.LoginTestCases@2e4b8173]" started-at="2023-04-09T17:04:39 IST" name="alterUser" finished-at="2023-04-09T17:04:50 IST" duration-ms="10848" status="PASS">
          <reporter-output>
          </reporter-output>
        </test-method> <!-- alterUser -->
        <test-method signature="invalidUser()[pri:0, instance:TestCases.LoginTestCases@2e4b8173]" started-at="2023-04-09T17:04:50 IST" name="invalidUser" finished-at="2023-04-09T17:04:56 IST" duration-ms="5986" status="PASS">
          <reporter-output>
          </reporter-output>
        </test-method> <!-- invalidUser -->
        <test-method signature="noUser()[pri:0, instance:TestCases.LoginTestCases@2e4b8173]" started-at="2023-04-09T17:04:56 IST" name="noUser" finished-at="2023-04-09T17:05:02 IST" duration-ms="5903" status="PASS">
          <reporter-output>
          </reporter-output>
        </test-method> <!-- noUser -->
        <test-method signature="validUser()[pri:0, instance:TestCases.LoginTestCases@2e4b8173]" started-at="2023-04-09T17:05:02 IST" name="validUser" finished-at="2023-04-09T17:05:12 IST" duration-ms="9866" status="PASS">
          <reporter-output>
          </reporter-output>
        </test-method> <!-- validUser -->
      </class> <!-- TestCases.LoginTestCases -->
      <class name="TestCases.LoginFunctionalityTestCase">
        <test-method signature="VerifyUser(java.lang.String,java.lang.String)[pri:0, instance:TestCases.LoginFunctionalityTestCase@64cd705f]" started-at="2023-04-09T17:05:33 IST" name="VerifyUser" data-provider="getInfo" finished-at="2023-04-09T17:05:37 IST" duration-ms="3332" status="PASS">
          <params>
            <param index="0">
              <value>
                <![CDATA[abc]]>
              </value>
            </param>
            <param index="1">
              <value>
                <![CDATA[abcde]]>
              </value>
            </param>
          </params>
          <reporter-output>
          </reporter-output>
        </test-method> <!-- VerifyUser -->
        <test-method signature="VerifyUser(java.lang.String,java.lang.String)[pri:0, instance:TestCases.LoginFunctionalityTestCase@64cd705f]" started-at="2023-04-09T17:05:37 IST" name="VerifyUser" data-provider="getInfo" finished-at="2023-04-09T17:05:40 IST" duration-ms="3320" status="PASS">
          <params>
            <param index="0">
              <value>
                <![CDATA[abc]]>
              </value>
            </param>
            <param index="1">
              <value>
                <![CDATA[xyz]]>
              </value>
            </param>
          </params>
          <reporter-output>
          </reporter-output>
        </test-method> <!-- VerifyUser -->
        <test-method signature="VerifyUser(java.lang.String,java.lang.String)[pri:0, instance:TestCases.LoginFunctionalityTestCase@64cd705f]" started-at="2023-04-09T17:05:40 IST" name="VerifyUser" data-provider="getInfo" finished-at="2023-04-09T17:05:43 IST" duration-ms="3287" status="PASS">
          <params>
            <param index="0">
              <value>
                <![CDATA[John]]>
              </value>
            </param>
            <param index="1">
              <value>
                <![CDATA[Passord]]>
              </value>
            </param>
          </params>
          <reporter-output>
          </reporter-output>
        </test-method> <!-- VerifyUser -->
        <test-method signature="VerifyUser(java.lang.String,java.lang.String)[pri:0, instance:TestCases.LoginFunctionalityTestCase@64cd705f]" started-at="2023-04-09T17:05:43 IST" name="VerifyUser" data-provider="getInfo" finished-at="2023-04-09T17:05:47 IST" duration-ms="3310" status="PASS">
          <params>
            <param index="0">
              <value>
                <![CDATA[johndoe@gmail.com]]>
              </value>
            </param>
            <param index="1">
              <value>
                <![CDATA[qwerrty]]>
              </value>
            </param>
          </params>
          <reporter-output>
          </reporter-output>
        </test-method> <!-- VerifyUser -->
        <test-method signature="VerifyUser(java.lang.String,java.lang.String)[pri:0, instance:TestCases.LoginFunctionalityTestCase@64cd705f]" started-at="2023-04-09T17:05:47 IST" name="VerifyUser" data-provider="getInfo" finished-at="2023-04-09T17:05:50 IST" duration-ms="3332" status="PASS">
          <params>
            <param index="0">
              <value>
                <![CDATA[john@Doe.com]]>
              </value>
            </param>
            <param index="1">
              <value>
                <![CDATA[poiuyt]]>
              </value>
            </param>
          </params>
          <reporter-output>
          </reporter-output>
        </test-method> <!-- VerifyUser -->
        <test-method signature="VerifyUser(java.lang.String,java.lang.String)[pri:0, instance:TestCases.LoginFunctionalityTestCase@64cd705f]" started-at="2023-04-09T17:05:50 IST" name="VerifyUser" data-provider="getInfo" finished-at="2023-04-09T17:05:53 IST" duration-ms="3508" status="PASS">
          <params>
            <param index="0">
              <value>
                <![CDATA[John Doe]]>
              </value>
            </param>
            <param index="1">
              <value>
                <![CDATA[ThisIsNotAPassword]]>
              </value>
            </param>
          </params>
          <reporter-output>
          </reporter-output>
        </test-method> <!-- VerifyUser -->
      </class> <!-- TestCases.LoginFunctionalityTestCase -->
      <class name="TestCases.LogoutTestCases">
        <test-method signature="testLogout()[pri:0, instance:TestCases.LogoutTestCases@6e4784bc]" started-at="2023-04-09T17:05:28 IST" name="testLogout" finished-at="2023-04-09T17:05:31 IST" duration-ms="2862" status="PASS">
          <reporter-output>
          </reporter-output>
        </test-method> <!-- testLogout -->
      </class> <!-- TestCases.LogoutTestCases -->
      <class name="TestCases.ProfilePageTest">
        <test-method is-config="true" signature="setup()[pri:0, instance:TestCases.ProfilePageTest@3c419631]" started-at="2023-04-09T17:04:07 IST" name="setup" finished-at="2023-04-09T17:04:15 IST" duration-ms="7982" status="PASS">
          <reporter-output>
          </reporter-output>
        </test-method> <!-- setup -->
        <test-method signature="ProfilePageLabelDisplay()[pri:0, instance:TestCases.ProfilePageTest@3c419631]" started-at="2023-04-09T17:04:16 IST" name="ProfilePageLabelDisplay" finished-at="2023-04-09T17:04:25 IST" duration-ms="8899" status="PASS">
          <reporter-output>
          </reporter-output>
        </test-method> <!-- ProfilePageLabelDisplay -->
        <test-method is-config="true" signature="tear()[pri:0, instance:TestCases.ProfilePageTest@3c419631]" started-at="2023-04-09T17:05:54 IST" name="tear" finished-at="2023-04-09T17:05:54 IST" depends-on-methods="utility.ExtentReportClass.endReport" duration-ms="223" status="PASS">
          <reporter-output>
          </reporter-output>
        </test-method> <!-- tear -->
      </class> <!-- TestCases.ProfilePageTest -->
      <class name="TestCases.UIAdressCases">
        <test-method signature="verifyAdressAtAppointment()[pri:0, instance:TestCases.UIAdressCases@3e92efc3]" started-at="2023-04-09T17:04:25 IST" name="verifyAdressAtAppointment" finished-at="2023-04-09T17:04:28 IST" duration-ms="2940" status="PASS">
          <reporter-output>
          </reporter-output>
        </test-method> <!-- verifyAdressAtAppointment -->
        <test-method signature="verifyAdressAtHistory()[pri:0, instance:TestCases.UIAdressCases@3e92efc3]" started-at="2023-04-09T17:04:28 IST" name="verifyAdressAtHistory" finished-at="2023-04-09T17:04:31 IST" duration-ms="3055" status="PASS">
          <reporter-output>
          </reporter-output>
        </test-method> <!-- verifyAdressAtHistory -->
        <test-method signature="verifyAdressAtHome()[pri:0, instance:TestCases.UIAdressCases@3e92efc3]" started-at="2023-04-09T17:04:31 IST" name="verifyAdressAtHome" finished-at="2023-04-09T17:04:33 IST" duration-ms="2682" status="PASS">
          <reporter-output>
          </reporter-output>
        </test-method> <!-- verifyAdressAtHome -->
        <test-method signature="verifyAdressAtLogin()[pri:0, instance:TestCases.UIAdressCases@3e92efc3]" started-at="2023-04-09T17:04:33 IST" name="verifyAdressAtLogin" finished-at="2023-04-09T17:04:36 IST" duration-ms="2680" status="PASS">
          <reporter-output>
          </reporter-output>
        </test-method> <!-- verifyAdressAtLogin -->
        <test-method signature="verifyAdressAtProfile()[pri:0, instance:TestCases.UIAdressCases@3e92efc3]" started-at="2023-04-09T17:04:36 IST" name="verifyAdressAtProfile" finished-at="2023-04-09T17:04:39 IST" duration-ms="3058" status="PASS">
          <reporter-output>
          </reporter-output>
        </test-method> <!-- verifyAdressAtProfile -->
      </class> <!-- TestCases.UIAdressCases -->
      <class name="TestCases.MakeAppointment">
        <test-method signature="verifyUser()[pri:0, instance:TestCases.MakeAppointment@29626d54]" started-at="2023-04-09T17:05:18 IST" name="verifyUser" finished-at="2023-04-09T17:05:20 IST" duration-ms="1922" status="PASS">
          <reporter-output>
          </reporter-output>
        </test-method> <!-- verifyUser -->
        <test-method signature="verifyAppointment()[pri:0, instance:TestCases.MakeAppointment@29626d54]" started-at="2023-04-09T17:05:20 IST" name="verifyAppointment" finished-at="2023-04-09T17:05:23 IST" depends-on-methods="TestCases.MakeAppointment.verifyUser" duration-ms="2841" status="PASS">
          <reporter-output>
          </reporter-output>
        </test-method> <!-- verifyAppointment -->
      </class> <!-- TestCases.MakeAppointment -->
      <class name="TestCases.HistoryAppointmentTestCases">
        <test-method signature="verifyUser()[pri:0, instance:TestCases.HistoryAppointmentTestCases@5a63f509]" started-at="2023-04-09T17:05:23 IST" name="verifyUser" finished-at="2023-04-09T17:05:25 IST" duration-ms="1972" status="PASS">
          <reporter-output>
          </reporter-output>
        </test-method> <!-- verifyUser -->
        <test-method signature="verifyAppointment()[pri:0, instance:TestCases.HistoryAppointmentTestCases@5a63f509]" started-at="2023-04-09T17:05:25 IST" name="verifyAppointment" finished-at="2023-04-09T17:05:26 IST" depends-on-methods="TestCases.HistoryAppointmentTestCases.verifyUser" duration-ms="1824" status="PASS">
          <reporter-output>
          </reporter-output>
        </test-method> <!-- verifyAppointment -->
        <test-method signature="verifyAppointment1()[pri:0, instance:TestCases.HistoryAppointmentTestCases@5a63f509]" started-at="2023-04-09T17:05:26 IST" name="verifyAppointment1" finished-at="2023-04-09T17:05:28 IST" depends-on-methods="TestCases.HistoryAppointmentTestCases.verifyAppointment" duration-ms="2008" status="PASS">
          <reporter-output>
          </reporter-output>
        </test-method> <!-- verifyAppointment1 -->
      </class> <!-- TestCases.HistoryAppointmentTestCases -->
      <class name="utility.ExtentReportClass">
        <test-method is-config="true" signature="startReport()[pri:0, instance:utility.ExtentReportClass@13e39c73]" started-at="2023-04-09T17:04:15 IST" name="startReport" finished-at="2023-04-09T17:04:16 IST" duration-ms="547" status="PASS">
          <reporter-output>
          </reporter-output>
        </test-method> <!-- startReport -->
        <test-method signature="failTest()[pri:0, instance:utility.ExtentReportClass@13e39c73]" started-at="2023-04-09T17:05:31 IST" name="failTest" finished-at="2023-04-09T17:05:31 IST" duration-ms="2" status="PASS">
          <reporter-output>
          </reporter-output>
        </test-method> <!-- failTest -->
        <test-method is-config="true" signature="getResult(org.testng.ITestResult)[pri:0, instance:utility.ExtentReportClass@13e39c73]" started-at="2023-04-09T17:05:31 IST" name="getResult" finished-at="2023-04-09T17:05:31 IST" duration-ms="11" status="PASS">
          <params>
            <param index="0">
              <value>
                <![CDATA[[TestResult name=failTest status=SUCCESS method=ExtentReportClass.failTest()[pri:0, instance:utility.ExtentReportClass@13e39c73] output={null}]]]>
              </value>
            </param>
          </params>
          <reporter-output>
          </reporter-output>
        </test-method> <!-- getResult -->
        <test-method signature="passTest()[pri:0, instance:utility.ExtentReportClass@13e39c73]" started-at="2023-04-09T17:05:31 IST" name="passTest" finished-at="2023-04-09T17:05:31 IST" duration-ms="22" status="PASS">
          <reporter-output>
          </reporter-output>
        </test-method> <!-- passTest -->
        <test-method is-config="true" signature="getResult(org.testng.ITestResult)[pri:0, instance:utility.ExtentReportClass@13e39c73]" started-at="2023-04-09T17:05:31 IST" name="getResult" finished-at="2023-04-09T17:05:31 IST" duration-ms="3" status="PASS">
          <params>
            <param index="0">
              <value>
                <![CDATA[[TestResult name=passTest status=SUCCESS method=ExtentReportClass.passTest()[pri:0, instance:utility.ExtentReportClass@13e39c73] output={null}]]]>
              </value>
            </param>
          </params>
          <reporter-output>
          </reporter-output>
        </test-method> <!-- getResult -->
        <test-method is-config="true" signature="endReport()[pri:0, instance:utility.ExtentReportClass@13e39c73]" started-at="2023-04-09T17:05:53 IST" name="endReport" finished-at="2023-04-09T17:05:54 IST" duration-ms="483" status="PASS">
          <reporter-output>
          </reporter-output>
        </test-method> <!-- endReport -->
      </class> <!-- utility.ExtentReportClass -->
      <class name="TestCases.HomeTestCases">
        <test-method signature="testHomeScreen()[pri:0, instance:TestCases.HomeTestCases@72a7c7e0]" started-at="2023-04-09T17:04:39 IST" name="testHomeScreen" finished-at="2023-04-09T17:04:39 IST" duration-ms="396" status="PASS">
          <reporter-output>
          </reporter-output>
        </test-method> <!-- testHomeScreen -->
      </class> <!-- TestCases.HomeTestCases -->
    </test> <!-- Test -->
  </suite> <!-- Suite -->
</testng-results>
