<?xml version="1.0" encoding="UTF-8"?>
<!-- Generated by org.testng.reporters.JUnitXMLReporter -->
<testsuite ignored="12" hostname="A-Air.local" failures="1" tests="19" name="Test" time="80.444" errors="0" timestamp="2023-03-29T18:21:56 IST">
  <testcase classname="TestCases.HomeTestCases" name="testHomeScreen" time="3.325"/>
  <testcase classname="TestCases.LoginTestCases" name="alterUser" time="11.379"/>
  <testcase classname="TestCases.LoginTestCases" name="invalidUser" time="5.972"/>
  <testcase classname="TestCases.LoginTestCases" name="noUser" time="5.942"/>
  <testcase classname="TestCases.LoginTestCases" name="validUser" time="9.817"/>
  <testcase classname="TestCases.MakeAppointment" name="verifyUser" time="2.104"/>
  <testcase classname="TestCases.MakeAppointment" name="verifyAppointment" time="3.276"/>
  <testcase classname="TestCases.HistoryAppointmentTestCases" name="verifyUser" time="1.998"/>
  <testcase classname="TestCases.HistoryAppointmentTestCases" name="verifyAppointment" time="1.787"/>
  <testcase classname="TestCases.HistoryAppointmentTestCases" name="verifyAppointment1" time="1.936"/>
  <testcase classname="TestCases.HistoryTestCases" name="verifyUser" time="1.991"/>
  <testcase classname="TestCases.HistoryTestCases" name="verifynoHistory" time="4.052"/>
  <testcase classname="TestCases.LogoutTestCases" name="testLogout" time="2.905">
    <failure type="java.lang.AssertionError" message="expected [We Care About Your Health] but found [We Care For Your Health]">
      <![CDATA[java.lang.AssertionError: expected [We Care About Your Health] but found [We Care For Your Health]
at TestCases.LogoutTestCases.testLogout(LogoutTestCases.java:36)
at java.base/java.util.ArrayList.forEach(ArrayList.java:1511)
... Removed 31 stack frames]]>
    </failure>
  </testcase> <!-- testLogout -->
  <testcase classname="TestCases.LoginFunctionalityTestCase" name="VerifyUser" time="3.29"/>
  <testcase classname="TestCases.LoginFunctionalityTestCase" name="VerifyUser" time="3.377"/>
  <testcase classname="TestCases.LoginFunctionalityTestCase" name="VerifyUser" time="3.418"/>
  <testcase classname="TestCases.LoginFunctionalityTestCase" name="VerifyUser" time="3.499"/>
  <testcase classname="TestCases.LoginFunctionalityTestCase" name="VerifyUser" time="3.299"/>
  <testcase classname="TestCases.LoginFunctionalityTestCase" name="VerifyUser" time="3.549"/>
  <testcase classname="utility.BaseClass" name="@AfterTest tear" time="0.0">
    <ignored/>
  </testcase> <!-- @AfterTest tear -->
  <testcase classname="utility.BaseClass" name="@AfterTest tear" time="0.0">
    <ignored/>
  </testcase> <!-- @AfterTest tear -->
  <testcase classname="utility.BaseClass" name="@AfterTest tear" time="0.0">
    <ignored/>
  </testcase> <!-- @AfterTest tear -->
  <testcase classname="utility.BaseClass" name="@AfterTest tear" time="0.0">
    <ignored/>
  </testcase> <!-- @AfterTest tear -->
  <testcase classname="utility.BaseClass" name="@AfterTest tear" time="0.0">
    <ignored/>
  </testcase> <!-- @AfterTest tear -->
  <testcase classname="utility.BaseClass" name="@AfterTest tear" time="0.0">
    <ignored/>
  </testcase> <!-- @AfterTest tear -->
  <testcase classname="utility.BaseClass" name="@BeforeSuite setup" time="0.0">
    <ignored/>
  </testcase> <!-- @BeforeSuite setup -->
  <testcase classname="utility.BaseClass" name="@BeforeSuite setup" time="0.0">
    <ignored/>
  </testcase> <!-- @BeforeSuite setup -->
  <testcase classname="utility.BaseClass" name="@BeforeSuite setup" time="0.0">
    <ignored/>
  </testcase> <!-- @BeforeSuite setup -->
  <testcase classname="utility.BaseClass" name="@BeforeSuite setup" time="0.0">
    <ignored/>
  </testcase> <!-- @BeforeSuite setup -->
  <testcase classname="utility.BaseClass" name="@BeforeSuite setup" time="0.0">
    <ignored/>
  </testcase> <!-- @BeforeSuite setup -->
  <testcase classname="utility.BaseClass" name="@BeforeSuite setup" time="0.0">
    <ignored/>
  </testcase> <!-- @BeforeSuite setup -->
</testsuite> <!-- Test -->
